<?xml version="1.0" encoding="UTF-8"?>
<!-- Generated by org.testng.reporters.JUnitXMLReporter -->
<testsuite ignored="8" hostname="mindc1d207" failures="0" tests="1" name="Default test" time="17.323" errors="0" timestamp="2022-06-06T14:48:05 IST">
  <testcase classname="test.Logintest" name="brand" time="7.916"/>
  <testcase classname="test.Logintest" name="booknow" time="0.0">
    <ignored/>
  </testcase> <!-- booknow -->
  <testcase classname="test.Logintest" name="loginapp" time="0.0">
    <ignored/>
  </testcase> <!-- loginapp -->
  <testcase classname="test.Logintest" name="followusyt" time="0.0">
    <ignored/>
  </testcase> <!-- followusyt -->
  <testcase classname="test.Logintest" name="followus" time="0.0">
    <ignored/>
  </testcase> <!-- followus -->
  <testcase classname="test.Logintest" name="help" time="0.0">
    <ignored/>
  </testcase> <!-- help -->
  <testcase classname="test.Logintest" name="mytrip" time="0.0">
    <ignored/>
  </testcase> <!-- mytrip -->
  <testcase classname="test.Logintest" name="joinapp" time="0.0">
    <ignored/>
  </testcase> <!-- joinapp -->
  <testcase classname="test.Logintest" name="followusfbp" time="0.0">
    <ignored/>
  </testcase> <!-- followusfbp -->
</testsuite> <!-- Default test -->
